2024-09-17T05:11:52.272Z [info]: Todas las entradas recuperadas
2024-09-17T05:11:52.288Z [info]: Todas las entradas recuperadas
2024-09-17T05:11:56.248Z [info]: Todas las entradas recuperadas
2024-09-17T05:11:58.341Z [info]: Todas las entradas recuperadas
2024-09-17T05:11:58.417Z [info]: Todas las entradas recuperadas
2024-09-17T05:12:09.213Z [info]: Todas las entradas recuperadas
2024-09-17T05:12:09.268Z [info]: Todas las entradas recuperadas
2024-09-17T05:13:03.747Z [info]: Todas las entradas recuperadas
2024-09-17T05:13:03.766Z [info]: Todas las entradas recuperadas
2024-09-17T05:13:15.530Z [info]: Todas las entradas recuperadas
2024-09-17T05:13:15.601Z [info]: Todas las entradas recuperadas
2024-09-17T05:13:26.910Z [info]: Todos los pedidos recuperados
2024-09-17T05:13:26.954Z [info]: Todos los pedidos recuperados
2024-09-17T05:15:41.292Z [info]: Todas las entradas recuperadas
2024-09-17T05:15:41.330Z [info]: Todas las entradas recuperadas
2024-09-17T05:18:57.255Z [info]: Todas las entradas recuperadas
2024-09-17T05:18:59.761Z [info]: Todas las entradas recuperadas
2024-09-17T05:18:59.784Z [info]: Todas las entradas recuperadas
2024-09-17T05:19:03.267Z [info]: Todas las entradas recuperadas
2024-09-17T05:28:14.258Z [info]: Todas las entradas recuperadas
2024-09-17T05:28:15.551Z [info]: Todas las entradas recuperadas
2024-09-17T05:28:16.556Z [info]: Entrada recuperada: 1
2024-09-17T05:28:19.426Z [info]: Entrada actualizada: 1
2024-09-17T05:28:19.448Z [info]: Todas las entradas recuperadas
2024-09-17T05:28:21.081Z [info]: Entrada recuperada: 1
2024-09-17T05:28:25.599Z [info]: Entrada actualizada: 1
2024-09-17T05:28:25.616Z [info]: Todas las entradas recuperadas
2024-09-17T05:28:27.423Z [info]: Entrada recuperada: 1
2024-09-17T05:28:31.392Z [info]: Entrada borrada: 2
2024-09-17T05:28:31.410Z [info]: Todas las entradas recuperadas
2024-09-17T05:31:27.247Z [info]: Todas las entradas recuperadas
2024-09-17T05:31:36.254Z [info]: Todas las entradas recuperadas
2024-09-17T05:31:38.250Z [info]: Todas las entradas recuperadas
2024-09-17T05:31:42.823Z [info]: Todas las entradas recuperadas
2024-09-17T05:31:42.836Z [info]: Todas las entradas recuperadas
2024-09-17T05:32:03.247Z [info]: Todas las entradas recuperadas
2024-09-17T05:32:40.857Z [info]: Entrada creada: 3
2024-09-17T05:32:40.876Z [info]: Todas las entradas recuperadas
2024-09-17T05:32:43.418Z [info]: Entrada borrada: 3
2024-09-17T05:32:43.435Z [info]: Todas las entradas recuperadas
2024-09-17T05:32:59.520Z [info]: Entrada creada: 4
2024-09-17T05:32:59.540Z [info]: Todas las entradas recuperadas
2024-09-17T05:33:49.599Z [info]: Todos los pedidos recuperados
2024-09-17T05:33:49.626Z [info]: Todos los pedidos recuperados
2024-09-17T05:34:00.111Z [info]: Pedido recuperado: 5
2024-09-17T05:52:07.256Z [info]: Todos los pedidos recuperados
2024-09-17T05:52:31.330Z [info]: Todos los pedidos recuperados
2024-09-17T05:52:31.338Z [info]: Todos los pedidos recuperados
2024-09-17T05:52:32.245Z [info]: Todos los pedidos recuperados
2024-09-17T13:34:49.729Z [info]: Todos los pedidos recuperados
2024-09-17T13:34:49.757Z [info]: Todos los pedidos recuperados
2024-09-17T13:38:09.661Z [info]: Todas las entradas recuperadas
2024-09-17T13:38:09.682Z [info]: Todas las entradas recuperadas
2024-09-17T13:38:33.787Z [warn]: Todos los campos son obligatorios
2024-09-17T13:38:53.784Z [error]: Error al crear la entrada: Cannot add or update a child row: a foreign key constraint fails (`mercasoftx`.`entrada`, CONSTRAINT `Id_Producto` FOREIGN KEY (`Id_Producto`) REFERENCES `producto` (`Id_Producto`))
2024-09-17T13:39:01.788Z [info]: Todas las entradas recuperadas
2024-09-17T13:39:01.838Z [info]: Todas las entradas recuperadas
2024-09-17T13:39:34.677Z [error]: Error al crear la entrada: Cannot add or update a child row: a foreign key constraint fails (`mercasoftx`.`entrada`, CONSTRAINT `Id_Producto` FOREIGN KEY (`Id_Producto`) REFERENCES `producto` (`Id_Producto`))
2024-09-17T13:46:06.950Z [info]: Todas las entradas recuperadas
2024-09-17T13:46:06.980Z [info]: Todas las entradas recuperadas
