2024-08-06T14:56:55.189Z [info]: GET / 404 14ms
2024-08-06T14:59:31.704Z [info]: GET /api/carrito 404 28ms
2024-08-06T14:59:31.802Z [info]: GET /favicon.ico 404 4ms
2024-08-06T14:59:49.276Z [info]: GET /api/entrada 404 1ms
2024-08-06T15:00:15.032Z [info]: GET /api/categoria 404 22ms
2024-08-06T15:00:26.449Z [info]: GET /api/entrada 404 0ms
2024-08-06T15:40:54.786Z [info]: GET /api/categoria 404 18ms
2024-08-06T15:41:02.286Z [info]: GET /api/cliente 404 4ms
2024-08-06T15:41:09.831Z [info]: GET /api/pedido 404 3ms
2024-08-06T15:41:18.627Z [info]: GET /api/pedido-producto 404 4ms
2024-08-06T15:41:26.295Z [info]: GET /api/producto 404 4ms
2024-08-06T15:41:34.681Z [info]: GET /api/responsable 404 5ms
2024-08-06T15:41:42.295Z [info]: GET /api/traslado 404 7ms
2024-08-06T15:42:12.084Z [info]: GET /api/unidad 404 14ms
2024-08-06T15:42:17.722Z [info]: GET /api/vena 404 0ms
2024-08-06T15:42:21.679Z [info]: GET /api/venta 404 4ms
2024-08-06T15:42:42.288Z [info]: GET /api/venta 404 2ms
2024-08-06T15:42:45.594Z [info]: GET /api/venta 404 3ms
2024-08-06T15:42:45.771Z [info]: GET /api/venta 404 2ms
2024-08-06T15:42:45.904Z [info]: GET /api/venta 404 2ms
2024-08-06T15:42:46.037Z [info]: GET /api/venta 404 2ms
2024-08-06T15:42:52.182Z [info]: GET /api/entrada 404 1ms
2024-08-06T15:44:44.957Z [info]: GET /api/entrada 404 0ms
2024-08-06T16:17:39.108Z [info]: GET /api/cliente 404 23ms
2024-08-06T16:18:33.899Z [info]: GET /api/producto 404 28ms
2024-08-06T17:30:49.153Z [info]: GET / 404 5ms
2024-08-06T17:31:01.046Z [info]: GET /carrito 404 2ms
2024-08-06T17:31:08.772Z [info]: GET /api/carrito 404 27ms
2024-08-06T17:31:12.907Z [info]: GET /api/entradas 404 1ms
2024-08-06T17:31:13.361Z [info]: GET /api/entradas 404 1ms
2024-08-06T17:31:23.512Z [info]: GET /api/cliente 404 9ms
