2024-08-13T01:42:06.858Z [info]: GET / 404 9ms
2024-08-13T01:45:59.188Z [info]: GET / 404 1ms
2024-08-13T01:46:58.586Z [info]: GET /api/carrito 200 30ms
2024-08-13T01:46:58.761Z [info]: GET /favicon.ico 404 3ms
2024-08-13T01:47:03.831Z [info]: GET /api/carrito 304 3ms
2024-08-13T01:55:14.723Z [info]: GET /api/carrito 304 22ms
2024-08-13T01:55:19.976Z [info]: GET /api/pedido 200 9ms
2024-08-13T01:56:25.750Z [info]: GET /api/responsable 404 27ms
2024-08-13T01:56:39.758Z [info]: GET /api/carrito 304 23ms
2024-08-13T01:56:49.257Z [info]: GET /api/venta 200 9ms
2024-08-13T01:57:15.452Z [info]: GET /api/unidad 200 18ms
2024-08-13T01:57:17.453Z [info]: GET /api/unidad 304 3ms
2024-08-13T01:57:22.043Z [info]: GET /api/responsable 404 4ms
2024-08-13T01:58:22.399Z [info]: GET / 404 4ms
2024-08-13T01:58:34.042Z [info]: GET / 404 0ms
2024-08-13T01:58:51.108Z [info]: GET / 404 0ms
2024-08-13T02:00:36.417Z [info]: POST / 404 1ms
2024-08-13T02:00:40.267Z [info]: GET / 404 2ms
2024-08-13T02:00:50.801Z [info]: GET / 404 1ms
2024-08-13T02:01:38.823Z [info]: GET / 404 0ms
2024-08-13T02:02:35.926Z [info]: GET / 404 0ms
2024-08-13T02:06:50.887Z [info]: GET / 404 0ms
2024-08-13T02:07:09.016Z [info]: GET /api/responsable 404 20ms
2024-08-13T02:07:52.357Z [info]: GET /api/carrito 200 21ms
2024-08-13T02:21:36.738Z [info]: GET /api/responsable 404 19ms
2024-08-13T02:27:25.368Z [info]: POST /api/responsable 500 13ms
2024-08-13T02:30:40.966Z [info]: POST /api/responsable 500 2ms
2024-08-13T02:35:42.994Z [info]: POST /api/responsable 201 39ms
2024-08-13T02:35:53.424Z [info]: POST /api/responsable 500 23ms
2024-08-13T02:35:59.570Z [info]: POST /api/responsable 500 8ms
2024-08-13T02:36:06.617Z [info]: POST /api/responsable/ 500 5ms
2024-08-13T02:36:19.573Z [info]: POST /api/responsable 500 15ms
2024-08-13T02:36:36.420Z [info]: GET /api/responsable 200 19ms
2024-08-13T02:48:59.077Z [info]: POST /api/responsable 201 22ms
2024-08-13T02:49:27.386Z [info]: GET /api/carrito 200 11ms
2024-08-13T02:50:57.103Z [info]: POST /api/carrito 201 13ms
2024-08-13T02:51:30.031Z [info]: POST /api/carrito 201 19ms
2024-08-13T02:51:58.617Z [info]: GET /api/categoria 200 11ms
2024-08-13T02:52:44.621Z [info]: POST /api/categoria 201 18ms
2024-08-13T02:52:55.693Z [info]: POST /api/categoria 201 15ms
2024-08-13T02:56:50.318Z [info]: GET /api/cliente 200 14ms
2024-08-13T02:58:54.539Z [info]: POST /api/cliente 201 17ms
2024-08-13T03:00:24.262Z [info]: POST /api/cliente 201 13ms
2024-08-13T03:00:58.947Z [info]: POST /api/cliente/Maria%20Montealegre 404 2ms
2024-08-13T03:01:08.834Z [info]: POST /api/cliente/2 404 0ms
2024-08-13T03:01:45.687Z [info]: GET /api/cliente/2 200 17ms
2024-08-13T03:01:52.729Z [info]: GET /api/cliente/Maria%20Montealegre 404 6ms
2024-08-13T03:01:59.982Z [info]: GET /api/cliente/2 200 3ms
2024-08-13T03:02:13.023Z [info]: PUT /api/cliente/2 200 17ms
2024-08-13T03:02:29.021Z [info]: GET /api/cliente 200 10ms
2024-08-13T03:06:02.908Z [info]: GET /api/responsable 200 35ms
2024-08-13T03:06:12.373Z [info]: GET /api/cliente 200 8ms
