2024-08-21T23:02:52.058Z [INFO]: Todos los carritos recuperados
2024-08-21T23:05:35.683Z [INFO]: Carrito recuperado: 1
2024-08-21T23:05:37.945Z [INFO]: Carrito recuperado: 2
2024-08-21T23:05:40.154Z [WARN]: Carrito no encontrado con id: 3
2024-08-21T23:05:48.595Z [WARN]: Carrito no encontrado con id: 0
2024-08-21T23:05:50.281Z [INFO]: Carrito recuperado: 1
2024-08-21T23:06:52.835Z [INFO]: Carrito creado: 3
2024-08-21T23:07:10.376Z [INFO]: Carrito creado: 4
2024-08-21T23:07:26.460Z [INFO]: Carrito creado: 5
2024-08-21T23:07:43.526Z [WARN]: El campo Can_Producto es obligatorio
2024-08-22T01:23:23.787Z [INFO]: Todos los carritos fueron encontrados
2024-08-22T01:23:29.165Z [INFO]: Carrito encontrado: 1
2024-08-22T01:23:47.655Z [WARN]: El campo Can_Producto es obligatorio
2024-08-22T01:26:47.636Z [INFO]: Carrito creado: 6
2024-08-22T01:32:59.547Z [WARN]: El campo Can_Producto es obligatorio
2024-08-22T01:33:05.103Z [ERROR]: Error al crear el carrito: Field 'createdAT' doesn't have a default value
2024-08-22T01:36:04.242Z [ERROR]: Error al crear el carrito: Field 'createdAT' doesn't have a default value
2024-08-22T01:36:15.723Z [ERROR]: Error al crear el carrito: Field 'createdAT' doesn't have a default value
2024-08-22T01:36:46.480Z [ERROR]: Error al crear el carrito: Field 'createdAT' doesn't have a default value
2024-08-22T01:51:58.034Z [ERROR]: Error al crear el carrito: Field 'createdAT' doesn't have a default value
2024-08-22T01:58:39.356Z [WARN]: El campo Can_Producto es obligatorio
2024-08-22T01:58:45.742Z [ERROR]: Error al crear el carrito: Field 'createdAT' doesn't have a default value
2024-08-22T01:59:07.265Z [ERROR]: Error al crear el carrito: Field 'createdAT' doesn't have a default value
2024-08-22T02:00:29.564Z [ERROR]: Error al crear el carrito: Field 'createdAT' doesn't have a default value
2024-08-22T02:01:17.475Z [INFO]: Carrito creado: 7
2024-08-22T02:06:48.267Z [INFO]: Carrito borrado: 7
2024-08-22T02:06:59.813Z [INFO]: Carrito creado: 8
2024-08-22T02:07:27.768Z [WARN]: El campo Can_Producto es obligatorio
2024-08-22T02:07:36.195Z [INFO]: Carrito creado: 9
2024-08-22T02:07:56.194Z [WARN]: El campo Can_Producto es obligatorio
2024-08-22T02:08:25.577Z [INFO]: Carrito creado: 10
2024-08-22T02:19:23.974Z [INFO]: Carrito creado: 11
2024-08-22T02:19:28.955Z [INFO]: Carrito creado: 12
2024-08-22T02:20:06.550Z [INFO]: Carrito actualizado: 11
2024-08-22T02:20:58.924Z [INFO]: Carrito actualizado: 11
2024-08-22T02:21:01.214Z [WARN]: Carrito no encontrado con id: 11
2024-08-22T02:21:15.991Z [WARN]: Carrito no encontrado con id: 11
2024-08-22T02:21:47.880Z [WARN]: Carrito no encontrado con id: 7
2024-08-22T02:22:00.603Z [INFO]: Carrito actualizado: 1
2024-08-22T02:22:22.360Z [WARN]: Carrito no encontrado con id: 1
2024-08-22T02:22:26.778Z [INFO]: Carrito actualizado: 1
2024-08-22T02:25:03.438Z [WARN]: El campo Can_Producto es obligatorio
2024-08-22T02:25:07.827Z [INFO]: Carrito actualizado: 1
2024-08-22T02:28:47.283Z [INFO]: Carrito actualizado: 2
2024-08-22T02:29:23.950Z [WARN]: El campo Can_Producto es obligatorio
2024-08-22T02:29:34.759Z [ERROR]: Error al borrar el carrito: Cannot delete or update a parent row: a foreign key constraint fails (`mercasoftx`.`cliente`, CONSTRAINT `Id_Carrito` FOREIGN KEY (`Id_Carrito`) REFERENCES `carrito` (`Id_Carrito`))
2024-08-22T02:30:03.050Z [ERROR]: Error al borrar el carrito: Cannot delete or update a parent row: a foreign key constraint fails (`mercasoftx`.`cliente`, CONSTRAINT `Id_Carrito` FOREIGN KEY (`Id_Carrito`) REFERENCES `carrito` (`Id_Carrito`))
2024-08-22T02:31:53.891Z [ERROR]: Error al borrar el carrito: Cannot delete or update a parent row: a foreign key constraint fails (`mercasoftx`.`cliente`, CONSTRAINT `Id_Carrito` FOREIGN KEY (`Id_Carrito`) REFERENCES `carrito` (`Id_Carrito`))
2024-08-22T02:32:39.731Z [INFO]: Carrito borrado: 3
2024-08-22T02:33:52.316Z [WARN]: Carrito no encontrado con id: 90
2024-08-22T02:34:02.192Z [ERROR]: Error al borrar el carrito: Cannot delete or update a parent row: a foreign key constraint fails (`mercasoftx`.`cliente`, CONSTRAINT `Id_Carrito` FOREIGN KEY (`Id_Carrito`) REFERENCES `carrito` (`Id_Carrito`))
2024-08-22T02:41:48.785Z [INFO]: Carrito encontrado: 1
2024-08-22T02:41:54.572Z [WARN]: Carrito no encontrado con id: 3
2024-08-22T02:41:57.419Z [INFO]: Carrito encontrado: 2
2024-08-22T03:13:57.734Z [WARN]: El campo Nom_Categoria es obligatorio
2024-08-22T03:14:02.808Z [INFO]: Todas las categorías fueron encontradas
2024-08-22T03:14:06.081Z [INFO]: Categoría con id 1 fue encontrada
2024-08-22T03:14:09.177Z [INFO]: Categoría con id 3 no fue encontrada
2024-08-22T03:14:16.377Z [WARN]: El campo Nom_Categoria es obligatorio
2024-08-22T03:14:27.120Z [ERROR]: Error al crear la categoría
2024-08-22T03:21:04.977Z [INFO]: Categoría creada correctamente
2024-08-22T03:21:32.876Z [INFO]: Categoría creada correctamente
2024-08-22T03:21:52.415Z [WARN]: El campo Nom_Categoria es obligatorio
2024-08-22T03:22:12.418Z [INFO]: Categoría con id 5 fue actualizada
2024-08-22T03:22:22.199Z [INFO]: Categoría con id 6 no fue encontrada
2024-08-22T03:22:54.973Z [INFO]: Categoría creada correctamente
2024-08-22T03:23:03.202Z [INFO]: Categoría con id 6 fue actualizada
2024-08-22T03:23:17.015Z [INFO]: Categoría con id 6 fue actualizada
2024-08-22T03:23:30.749Z [INFO]: Categoría con id 5 fue actualizada
2024-08-22T03:23:48.856Z [INFO]: Categoría con id 6 fue borrada
2024-08-22T03:24:06.632Z [INFO]: Categoría con id 5 fue actualizada
2024-08-22T03:24:17.443Z [INFO]: Categoría con id 6 no fue encontrada
2024-08-22T03:24:27.281Z [INFO]: Categoría con id 6 no fue encontrada
2024-08-22T03:32:53.589Z [INFO]: Todos los clientes fueron encontrados
2024-08-22T03:33:41.201Z [WARN]: Cliente no encontrado con id: 1
2024-08-22T03:36:04.813Z [WARN]: Cliente no encontrado con id: 2
2024-08-22T03:36:16.029Z [INFO]: Todos los clientes fueron encontrados
2024-08-22T03:36:24.506Z [ERROR]: Error al encontrar el cliente: Cannot read properties of null (reading 'length')
2024-08-22T03:36:48.618Z [ERROR]: Error al encontrar el cliente: Cannot read properties of null (reading 'length')
2024-08-22T03:38:42.690Z [WARN]: Cliente no encontrado con id: 1
2024-08-22T03:38:49.074Z [INFO]: Todos los clientes fueron encontrados
2024-08-22T03:38:52.652Z [WARN]: Cliente no encontrado con id: 2
2024-08-22T03:40:06.447Z [INFO]: Todos los clientes fueron encontrados
2024-08-22T03:41:09.671Z [INFO]: Cliente creado: Maria Montealegre
2024-08-22T03:41:37.711Z [ERROR]: Error al crear el cliente: Cannot add or update a child row: a foreign key constraint fails (`mercasoftx`.`cliente`, CONSTRAINT `Id_Carrito` FOREIGN KEY (`Id_Carrito`) REFERENCES `carrito` (`Id_Carrito`))
2024-08-22T03:41:52.658Z [INFO]: Cliente creado: Maria Montealegre
2024-08-22T03:42:01.422Z [WARN]: Cliente no encontrado con id: 4
2024-08-22T03:44:46.768Z [WARN]: Cliente no encontrado con id: 4
2024-08-22T03:49:41.027Z [ERROR]: Error al encontrar el cliente: Cannot read properties of null (reading 'length')
2024-08-22T03:49:45.236Z [ERROR]: Error al encontrar el cliente: Cannot read properties of null (reading 'length')
2024-08-22T03:49:55.519Z [INFO]: Cliente creado: Maria
2024-08-22T03:50:02.500Z [ERROR]: Error al encontrar el cliente: Cannot read properties of null (reading 'length')
2024-08-22T03:50:17.996Z [INFO]: Cliente encontrado: Fabian Moreno
2024-08-22T03:50:43.344Z [WARN]: Carrito no encontrado con id: 1
2024-08-22T03:50:54.535Z [WARN]: Carrito no encontrado con id: 2
2024-08-22T03:51:09.755Z [WARN]: Carrito no encontrado con id: 4
2024-08-22T03:51:49.212Z [WARN]: Carrito no encontrado con id: 5
2024-08-22T03:52:04.085Z [INFO]: Todos los carritos fueron encontrados
2024-08-22T03:52:11.700Z [WARN]: Carrito no encontrado con id: 1
2024-08-22T03:52:24.393Z [INFO]: Carrito encontrado: 1
2024-08-22T03:53:03.393Z [INFO]: Categoría con id 1 fue encontrada
2024-08-22T03:54:42.918Z [INFO]: Carrito encontrado: 1
2024-08-22T03:57:35.731Z [INFO]: Todos los carritos fueron encontrados
2024-08-22T03:57:53.744Z [INFO]: Carrito encontrado: 12
2024-08-22T03:58:10.142Z [INFO]: Carrito actualizado: 12
2024-08-22T03:59:28.630Z [WARN]: Carrito no encontrado con id: 12
2024-08-22T03:59:36.269Z [WARN]: Carrito no encontrado con id: 1
2024-08-22T03:59:53.073Z [WARN]: Carrito no encontrado con id: 1
2024-08-22T04:00:17.078Z [INFO]: Carrito encontrado: 1
2024-08-22T04:16:29.648Z [INFO]: Cliente encontrado: Fabian Moreno
2024-08-22T04:16:36.425Z [INFO]: Cliente encontrado: Maria Montealegre
2024-08-22T04:16:39.897Z [WARN]: Cliente no encontrado con id: 3
2024-08-22T04:17:38.288Z [WARN]: Carrito no encontrado con id: 3
2024-08-22T04:17:47.271Z [WARN]: Cliente no encontrado con id: 3
2024-08-22T04:17:58.488Z [WARN]: Cliente no encontrado con id: 3
2024-08-22T04:18:16.724Z [INFO]: Cliente encontrado: Maria Montealegre
2024-08-22T04:18:42.457Z [ERROR]: Error al crear el cliente: Cannot add or update a child row: a foreign key constraint fails (`mercasoftx`.`cliente`, CONSTRAINT `Id_Carrito` FOREIGN KEY (`Id_Carrito`) REFERENCES `carrito` (`Id_Carrito`))
2024-08-22T04:18:45.825Z [INFO]: Cliente creado: Maria2
2024-08-22T04:19:28.158Z [ERROR]: Error al actualizar el cliente: Cannot add or update a child row: a foreign key constraint fails (`mercasoftx`.`cliente`, CONSTRAINT `Id_Carrito` FOREIGN KEY (`Id_Carrito`) REFERENCES `carrito` (`Id_Carrito`))
2024-08-22T04:19:31.353Z [INFO]: Cliente actualizado: Maria3
2024-08-22T04:19:42.654Z [WARN]: Todos los campos son obligatorios
2024-08-22T04:20:12.496Z [INFO]: Cliente actualizado: Sofia
2024-08-22T04:20:23.946Z [WARN]: Todos los campos son obligatorios
2024-08-22T04:20:31.589Z [ERROR]: Error al actualizar el cliente: Cannot add or update a child row: a foreign key constraint fails (`mercasoftx`.`cliente`, CONSTRAINT `Id_Carrito` FOREIGN KEY (`Id_Carrito`) REFERENCES `carrito` (`Id_Carrito`))
2024-08-22T04:20:36.195Z [ERROR]: Error al actualizar el cliente: Cannot add or update a child row: a foreign key constraint fails (`mercasoftx`.`cliente`, CONSTRAINT `Id_Carrito` FOREIGN KEY (`Id_Carrito`) REFERENCES `carrito` (`Id_Carrito`))
2024-08-22T04:20:40.058Z [INFO]: Cliente actualizado: Sofia
2024-08-22T04:21:04.350Z [WARN]: Todos los campos son obligatorios
2024-08-22T04:21:13.628Z [INFO]: Cliente creado: Fiona
2024-08-22T04:21:40.008Z [INFO]: Cliente creado: Fiona
2024-08-22T04:21:46.671Z [ERROR]: Error al crear el cliente: Cannot add or update a child row: a foreign key constraint fails (`mercasoftx`.`cliente`, CONSTRAINT `Id_Carrito` FOREIGN KEY (`Id_Carrito`) REFERENCES `carrito` (`Id_Carrito`))
2024-08-22T04:21:58.222Z [INFO]: Cliente creado: Fiona
2024-08-22T04:22:13.617Z [INFO]: Cliente eliminado: 13
2024-08-22T04:31:20.565Z [ERROR]: Error al recuperar todas las entradas: re is not defined
2024-08-22T04:32:29.178Z [ERROR]: Error al recuperar todas las entradas: re is not defined
2024-08-22T04:33:26.664Z [INFO]: Todas las entradas fueron encontradas
2024-08-22T04:33:45.226Z [INFO]: Todas las entradas fueron encontradas
2024-08-22T04:34:02.598Z [ERROR]: Error al recuperar todas las entradas: re is not defined
2024-08-22T04:36:44.110Z [ERROR]: Error al recuperar todas las entradas: re is not defined
2024-08-22T04:37:14.635Z [INFO]: Todas las entradas fueron encontradas
2024-08-22T04:37:49.892Z [ERROR]: Error al recuperar todas las entradas: re is not defined
2024-08-22T04:37:50.732Z [ERROR]: Error al recuperar todas las entradas: re is not defined
2024-08-22T04:39:50.695Z [ERROR]: Error al recuperar todas las entradas: re is not defined
2024-08-22T04:39:58.612Z [ERROR]: Error al recuperar todas las entradas: re is not defined
2024-08-22T04:42:00.487Z [INFO]: Ninguna entrada fue encontrada
2024-08-22T04:43:24.825Z [WARN]: Todos los campos son obligatorios
2024-08-22T04:43:29.460Z [ERROR]: Error al crear la entrada: Cannot add or update a child row: a foreign key constraint fails (`mercasoftx`.`entrada`, CONSTRAINT `Id_Producto` FOREIGN KEY (`Id_Producto`) REFERENCES `producto` (`Id_Producto`))
2024-08-22T04:50:50.311Z [INFO]: Todos los pedidos recuperados
2024-08-22T04:50:50.318Z [INFO]: Todos los pedidos fueron encontrados
2024-08-22T04:50:56.652Z [INFO]: Todos los pedidos recuperados
2024-08-22T04:50:56.653Z [INFO]: Todos los pedidos fueron encontrados
2024-08-22T04:50:58.909Z [INFO]: Todos los pedidos recuperados
2024-08-22T04:50:58.910Z [INFO]: Todos los pedidos fueron encontrados
2024-08-22T04:51:18.050Z [INFO]: Pedido recuperado: 1
2024-08-22T04:51:19.602Z [WARN]: Pedido no encontrado con id: 2
2024-08-22T04:51:22.964Z [INFO]: Pedido recuperado: 1
2024-08-22T04:52:36.297Z [ERROR]: Error al crear el pedido: Field 'Id_Pedido' doesn't have a default value
2024-08-22T05:02:19.621Z [INFO]: Todos los pedidos recuperados
2024-08-22T05:02:19.628Z [INFO]: Ningun pedido fue encontrado
2024-08-22T05:02:27.167Z [ERROR]: Error al crear el pedido: Field 'Id_Pedido' doesn't have a default value
2024-08-22T05:02:34.583Z [ERROR]: Error al crear el pedido: Field 'Id_Pedido' doesn't have a default value
2024-08-22T05:04:33.356Z [INFO]: Pedido creado: 1
2024-08-22T05:04:50.085Z [INFO]: Pedido creado: 2
2024-08-22T05:05:03.863Z [ERROR]: Error al crear el pedido: Cannot add or update a child row: a foreign key constraint fails (`mercasoftx`.`pedido`, CONSTRAINT `Id_Cliente` FOREIGN KEY (`Id_Cliente`) REFERENCES `cliente` (`Id_Cliente`))
2024-08-22T05:05:09.344Z [ERROR]: Error al crear el pedido: Cannot add or update a child row: a foreign key constraint fails (`mercasoftx`.`pedido`, CONSTRAINT `Id_Cliente` FOREIGN KEY (`Id_Cliente`) REFERENCES `cliente` (`Id_Cliente`))
2024-08-22T05:05:19.967Z [WARN]: Todos los campos son obligatorios
2024-08-22T05:05:23.401Z [INFO]: Pedido creado: 5
2024-08-22T05:05:28.080Z [INFO]: Todos los pedidos recuperados
2024-08-22T05:05:28.081Z [INFO]: Todos los pedidos fueron encontrados
2024-08-22T05:05:53.052Z [INFO]: Pedido creado: 6
2024-08-22T05:06:06.018Z [INFO]: Pedido actualizado: 6
2024-08-22T05:06:18.155Z [INFO]: Pedido actualizado: 6
2024-08-22T05:06:23.469Z [WARN]: Todos los campos son obligatorios
2024-08-22T05:06:26.059Z [WARN]: Pedido no encontrado con id: 6
2024-08-22T05:06:34.103Z [INFO]: Pedido borrado: 6
