2024-08-22T01:33:05.103Z [ERROR]: Error al crear el carrito: Field 'createdAT' doesn't have a default value
2024-08-22T01:36:04.242Z [ERROR]: Error al crear el carrito: Field 'createdAT' doesn't have a default value
2024-08-22T01:36:15.723Z [ERROR]: Error al crear el carrito: Field 'createdAT' doesn't have a default value
2024-08-22T01:36:46.480Z [ERROR]: Error al crear el carrito: Field 'createdAT' doesn't have a default value
2024-08-22T01:51:58.034Z [ERROR]: Error al crear el carrito: Field 'createdAT' doesn't have a default value
2024-08-22T01:58:45.742Z [ERROR]: Error al crear el carrito: Field 'createdAT' doesn't have a default value
2024-08-22T01:59:07.265Z [ERROR]: Error al crear el carrito: Field 'createdAT' doesn't have a default value
2024-08-22T02:00:29.564Z [ERROR]: Error al crear el carrito: Field 'createdAT' doesn't have a default value
2024-08-22T02:29:34.759Z [ERROR]: Error al borrar el carrito: Cannot delete or update a parent row: a foreign key constraint fails (`mercasoftx`.`cliente`, CONSTRAINT `Id_Carrito` FOREIGN KEY (`Id_Carrito`) REFERENCES `carrito` (`Id_Carrito`))
2024-08-22T02:30:03.050Z [ERROR]: Error al borrar el carrito: Cannot delete or update a parent row: a foreign key constraint fails (`mercasoftx`.`cliente`, CONSTRAINT `Id_Carrito` FOREIGN KEY (`Id_Carrito`) REFERENCES `carrito` (`Id_Carrito`))
2024-08-22T02:31:53.891Z [ERROR]: Error al borrar el carrito: Cannot delete or update a parent row: a foreign key constraint fails (`mercasoftx`.`cliente`, CONSTRAINT `Id_Carrito` FOREIGN KEY (`Id_Carrito`) REFERENCES `carrito` (`Id_Carrito`))
2024-08-22T02:34:02.192Z [ERROR]: Error al borrar el carrito: Cannot delete or update a parent row: a foreign key constraint fails (`mercasoftx`.`cliente`, CONSTRAINT `Id_Carrito` FOREIGN KEY (`Id_Carrito`) REFERENCES `carrito` (`Id_Carrito`))
2024-08-22T03:14:27.120Z [ERROR]: Error al crear la categoría
2024-08-22T03:36:24.506Z [ERROR]: Error al encontrar el cliente: Cannot read properties of null (reading 'length')
2024-08-22T03:36:48.618Z [ERROR]: Error al encontrar el cliente: Cannot read properties of null (reading 'length')
2024-08-22T03:41:37.711Z [ERROR]: Error al crear el cliente: Cannot add or update a child row: a foreign key constraint fails (`mercasoftx`.`cliente`, CONSTRAINT `Id_Carrito` FOREIGN KEY (`Id_Carrito`) REFERENCES `carrito` (`Id_Carrito`))
2024-08-22T03:49:41.027Z [ERROR]: Error al encontrar el cliente: Cannot read properties of null (reading 'length')
2024-08-22T03:49:45.236Z [ERROR]: Error al encontrar el cliente: Cannot read properties of null (reading 'length')
2024-08-22T03:50:02.500Z [ERROR]: Error al encontrar el cliente: Cannot read properties of null (reading 'length')
2024-08-22T04:18:42.457Z [ERROR]: Error al crear el cliente: Cannot add or update a child row: a foreign key constraint fails (`mercasoftx`.`cliente`, CONSTRAINT `Id_Carrito` FOREIGN KEY (`Id_Carrito`) REFERENCES `carrito` (`Id_Carrito`))
2024-08-22T04:19:28.158Z [ERROR]: Error al actualizar el cliente: Cannot add or update a child row: a foreign key constraint fails (`mercasoftx`.`cliente`, CONSTRAINT `Id_Carrito` FOREIGN KEY (`Id_Carrito`) REFERENCES `carrito` (`Id_Carrito`))
2024-08-22T04:20:31.589Z [ERROR]: Error al actualizar el cliente: Cannot add or update a child row: a foreign key constraint fails (`mercasoftx`.`cliente`, CONSTRAINT `Id_Carrito` FOREIGN KEY (`Id_Carrito`) REFERENCES `carrito` (`Id_Carrito`))
2024-08-22T04:20:36.195Z [ERROR]: Error al actualizar el cliente: Cannot add or update a child row: a foreign key constraint fails (`mercasoftx`.`cliente`, CONSTRAINT `Id_Carrito` FOREIGN KEY (`Id_Carrito`) REFERENCES `carrito` (`Id_Carrito`))
2024-08-22T04:21:46.671Z [ERROR]: Error al crear el cliente: Cannot add or update a child row: a foreign key constraint fails (`mercasoftx`.`cliente`, CONSTRAINT `Id_Carrito` FOREIGN KEY (`Id_Carrito`) REFERENCES `carrito` (`Id_Carrito`))
2024-08-22T04:31:20.565Z [ERROR]: Error al recuperar todas las entradas: re is not defined
2024-08-22T04:32:29.178Z [ERROR]: Error al recuperar todas las entradas: re is not defined
2024-08-22T04:34:02.598Z [ERROR]: Error al recuperar todas las entradas: re is not defined
2024-08-22T04:36:44.110Z [ERROR]: Error al recuperar todas las entradas: re is not defined
2024-08-22T04:37:49.892Z [ERROR]: Error al recuperar todas las entradas: re is not defined
2024-08-22T04:37:50.732Z [ERROR]: Error al recuperar todas las entradas: re is not defined
2024-08-22T04:39:50.695Z [ERROR]: Error al recuperar todas las entradas: re is not defined
2024-08-22T04:39:58.612Z [ERROR]: Error al recuperar todas las entradas: re is not defined
2024-08-22T04:43:29.460Z [ERROR]: Error al crear la entrada: Cannot add or update a child row: a foreign key constraint fails (`mercasoftx`.`entrada`, CONSTRAINT `Id_Producto` FOREIGN KEY (`Id_Producto`) REFERENCES `producto` (`Id_Producto`))
2024-08-22T04:52:36.297Z [ERROR]: Error al crear el pedido: Field 'Id_Pedido' doesn't have a default value
2024-08-22T05:02:27.167Z [ERROR]: Error al crear el pedido: Field 'Id_Pedido' doesn't have a default value
2024-08-22T05:02:34.583Z [ERROR]: Error al crear el pedido: Field 'Id_Pedido' doesn't have a default value
2024-08-22T05:05:03.863Z [ERROR]: Error al crear el pedido: Cannot add or update a child row: a foreign key constraint fails (`mercasoftx`.`pedido`, CONSTRAINT `Id_Cliente` FOREIGN KEY (`Id_Cliente`) REFERENCES `cliente` (`Id_Cliente`))
2024-08-22T05:05:09.344Z [ERROR]: Error al crear el pedido: Cannot add or update a child row: a foreign key constraint fails (`mercasoftx`.`pedido`, CONSTRAINT `Id_Cliente` FOREIGN KEY (`Id_Cliente`) REFERENCES `cliente` (`Id_Cliente`))
